Performing C SOURCE FILE Test CMAKE_HAVE_LIBC_PTHREAD failed with the following output:
Change Dir: /home/ricardo/catkin_ws/src/PSR_P3/build/CMakeFiles/CMakeTmp

Run Build Command(s):/usr/bin/make cmTC_e5266/fast && /usr/bin/make -f CMakeFiles/cmTC_e5266.dir/build.make CMakeFiles/cmTC_e5266.dir/build
make[1]: a entrar na pasta "/home/ricardo/catkin_ws/src/PSR_P3/build/CMakeFiles/CMakeTmp"
Building C object CMakeFiles/cmTC_e5266.dir/src.c.o
/usr/bin/gcc-8   -DCMAKE_HAVE_LIBC_PTHREAD   -o CMakeFiles/cmTC_e5266.dir/src.c.o   -c /home/ricardo/catkin_ws/src/PSR_P3/build/CMakeFiles/CMakeTmp/src.c
Linking C executable cmTC_e5266
/usr/bin/cmake -E cmake_link_script CMakeFiles/cmTC_e5266.dir/link.txt --verbose=1
/usr/bin/gcc-8  -DCMAKE_HAVE_LIBC_PTHREAD    -rdynamic CMakeFiles/cmTC_e5266.dir/src.c.o  -o cmTC_e5266 
/usr/bin/ld: CMakeFiles/cmTC_e5266.dir/src.c.o: na função "main":
src.c:(.text+0x46): referência não definida para "pthread_create"
/usr/bin/ld: src.c:(.text+0x52): referência não definida para "pthread_detach"
/usr/bin/ld: src.c:(.text+0x63): referência não definida para "pthread_join"
collect2: error: ld returned 1 exit status
make[1]: *** [CMakeFiles/cmTC_e5266.dir/build.make:87: cmTC_e5266] Erro 1
make[1]: a sair da pasta "/home/ricardo/catkin_ws/src/PSR_P3/build/CMakeFiles/CMakeTmp"
make: *** [Makefile:121: cmTC_e5266/fast] Erro 2


Source file was:
#include <pthread.h>

void* test_func(void* data)
{
  return data;
}

int main(void)
{
  pthread_t thread;
  pthread_create(&thread, NULL, test_func, NULL);
  pthread_detach(thread);
  pthread_join(thread, NULL);
  pthread_atfork(NULL, NULL, NULL);
  pthread_exit(NULL);

  return 0;
}

Determining if the function pthread_create exists in the pthreads failed with the following output:
Change Dir: /home/ricardo/catkin_ws/src/PSR_P3/build/CMakeFiles/CMakeTmp

Run Build Command(s):/usr/bin/make cmTC_39d7f/fast && /usr/bin/make -f CMakeFiles/cmTC_39d7f.dir/build.make CMakeFiles/cmTC_39d7f.dir/build
make[1]: a entrar na pasta "/home/ricardo/catkin_ws/src/PSR_P3/build/CMakeFiles/CMakeTmp"
Building C object CMakeFiles/cmTC_39d7f.dir/CheckFunctionExists.c.o
/usr/bin/gcc-8   -DCHECK_FUNCTION_EXISTS=pthread_create   -o CMakeFiles/cmTC_39d7f.dir/CheckFunctionExists.c.o   -c /usr/share/cmake-3.16/Modules/CheckFunctionExists.c
Linking C executable cmTC_39d7f
/usr/bin/cmake -E cmake_link_script CMakeFiles/cmTC_39d7f.dir/link.txt --verbose=1
/usr/bin/gcc-8  -DCHECK_FUNCTION_EXISTS=pthread_create    -rdynamic CMakeFiles/cmTC_39d7f.dir/CheckFunctionExists.c.o  -o cmTC_39d7f  -lpthreads 
/usr/bin/ld: não foi possível localizar -lpthreads
collect2: error: ld returned 1 exit status
make[1]: *** [CMakeFiles/cmTC_39d7f.dir/build.make:87: cmTC_39d7f] Erro 1
make[1]: a sair da pasta "/home/ricardo/catkin_ws/src/PSR_P3/build/CMakeFiles/CMakeTmp"
make: *** [Makefile:121: cmTC_39d7f/fast] Erro 2



